Log file open, 12/31/17 09:08:26
LogInit:Display: Running engine for game: FlyAround
LogPlatformFile: Not using cached read wrapper
LogInit:Display: RandInit(-2139779140) SRandInit(-2139779140).
LogTaskGraph: Started task graph with 5 named threads and 8 total threads with 1 sets of task threads.
LogStats: Stats thread started at 0.062932
LogInit: Using libcurl 7.47.1
LogInit:  - built for x86_64-pc-win32
LogInit:  - supports SSL with OpenSSL/1.0.2g
LogInit:  - supports HTTP deflate (compression) using libz 1.2.8
LogInit:  - other features:
LogInit:      CURL_VERSION_SSL
LogInit:      CURL_VERSION_LIBZ
LogInit:      CURL_VERSION_IPV6
LogInit:      CURL_VERSION_ASYNCHDNS
LogInit:      CURL_VERSION_LARGEFILE
LogInit:      CURL_VERSION_IDN
LogInit:  CurlRequestOptions (configurable via config and command line):
LogInit:  - bVerifyPeer = false  - Libcurl will NOT verify peer certificate
LogInit:  - bUseHttpProxy = false  - Libcurl will NOT use HTTP proxy
LogInit:  - bDontReuseConnections = false  - Libcurl will reuse connections
LogInit:  - CertBundlePath = nullptr  - Libcurl will use whatever was configured at build time.
LogInit: Build: ++UE4+Release-4.15-CL-3450819
LogInit: Engine Version: 4.15.3-3450819+++UE4+Release-4.15
LogInit: Compatible Engine Version: 4.15.0-3299760+++UE4+Release-4.15
LogInit: Net CL: 3299760
LogDevObjectVersion: Number of dev versions registered: 14
LogDevObjectVersion:   Dev-Blueprints (B0D832E4-1F89-4F0D-ACCF-7EB736FD4AA2): 8
LogDevObjectVersion:   Dev-Build (E1C64328-A22C-4D53-A36C-8E866417BD8C): 0
LogDevObjectVersion:   Dev-Core (375EC13C-06E4-48FB-B500-84F0262A717E): 2
LogDevObjectVersion:   Dev-Editor (E4B068ED-F494-42E9-A231-DA0B2E46BB41): 14
LogDevObjectVersion:   Dev-Framework (CFFC743F-43B0-4480-9391-14DF171D2073): 22
LogDevObjectVersion:   Dev-Mobile (B02B49B5-BB20-44E9-A304-32B752E40360): 0
LogDevObjectVersion:   Dev-Networking (A4E4105C-59A1-49B5-A7C5-40C4547EDFEE): 0
LogDevObjectVersion:   Dev-Online (39C831C9-5AE6-47DC-9A44-9C173E1C8E7C): 0
LogDevObjectVersion:   Dev-Physics (78F01B33-EBEA-4F98-B9B4-84EACCB95AA2): 0
LogDevObjectVersion:   Dev-Platform (6631380F-2D4D-43E0-8009-CF276956A95A): 0
LogDevObjectVersion:   Dev-Rendering (12F88B9F-8875-4AFC-A67C-D90C383ABD29): 12
LogDevObjectVersion:   Dev-Sequencer (7B5AE74C-D270-4C10-A958-57980B212A5A): 3
LogDevObjectVersion:   Dev-VR (D7296918-1DD6-4BDD-9DE2-64A83CC13884): 0
LogDevObjectVersion:   Dev-LoadTimes (C2A15278-BFE7-4AFE-6C17-90FF531DF755): 1
LogInit: Compiled (64-bit): May 21 2017 11:02:34
LogInit: Compiled with Visual C++: 19.00.23026.00
LogInit: Build Configuration: Development
LogInit: Branch Name: ++UE4+Release-4.15
LogInit: Command line: -EpicPortal 
LogInit: Base directory: D:/Program Files/UE_4.15/Engine/Binaries/Win64/
LogInit: Installed Engine Build: 1
LogInit: Presizing for max 8388607 objects, including 0 objects not considered by GC, pre-allocating 0 bytes for permanent pool.
LogInit: Object subsystem initialized
[2017.12.31-14.08.26:876][  0]LogInit: Selected Device Profile: [Windows]
[2017.12.31-14.08.26:876][  0]LogInit: Applying CVar settings loaded from the selected device profile: [Windows]
[2017.12.31-14.08.26:883][  0]LogInit: Computer: DESKTOP-7JPA9PT
[2017.12.31-14.08.26:883][  0]LogInit: User: Lopez
[2017.12.31-14.08.26:883][  0]LogInit: CPU Page size=65536, Cores=4
[2017.12.31-14.08.26:883][  0]LogInit: High frequency timer resolution =4.101559 MHz
[2017.12.31-14.08.26:883][  0]LogMemory: Memory total: Physical=15.9GB (16GB approx)
[2017.12.31-14.08.26:883][  0]LogMemory: Platform Memory Stats for Windows
[2017.12.31-14.08.26:883][  0]LogMemory: Process Physical Memory: 263.73 MB used, 263.73 MB peak
[2017.12.31-14.08.26:883][  0]LogMemory: Process Virtual Memory: 262.53 MB used, 262.53 MB peak
[2017.12.31-14.08.26:883][  0]LogMemory: Physical Memory: 7293.57 MB used,  9029.16 MB free, 16322.73 MB total
[2017.12.31-14.08.26:883][  0]LogMemory: Virtual Memory: 683.25 MB used,  9029.16 MB free, 134217728.00 MB total
[2017.12.31-14.08.27:160][  0]LogTextLocalizationManager: No specific translations for ('en-US') exist, so ('en') translations will be used.
[2017.12.31-14.08.27:575][  0]LogD3D11RHI: D3D11 adapters:
[2017.12.31-14.08.27:614][  0]LogD3D11RHI:    0. 'NVIDIA GeForce GTX 1060 6GB' (Feature Level 11_0)
[2017.12.31-14.08.27:614][  0]LogD3D11RHI:       6061/0/8161 MB DedicatedVideo/DedicatedSystem/SharedSystem, Outputs:2, VendorId:0x10de
[2017.12.31-14.08.27:615][  0]LogD3D11RHI:    1. 'Microsoft Basic Render Driver' (Feature Level 11_0)
[2017.12.31-14.08.27:615][  0]LogD3D11RHI:       0/0/8161 MB DedicatedVideo/DedicatedSystem/SharedSystem, Outputs:0, VendorId:0x1414
[2017.12.31-14.08.27:615][  0]LogD3D11RHI: Chosen D3D11 Adapter: 0
[2017.12.31-14.08.27:620][  0]LogD3D11RHI: Creating new Direct3DDevice
[2017.12.31-14.08.27:620][  0]LogD3D11RHI:     GPU DeviceId: 0x1c03 (for the marketing name, search the web for "GPU Device Id")
[2017.12.31-14.08.27:620][  0]LogWindows: EnumDisplayDevices:
[2017.12.31-14.08.27:620][  0]LogWindows:    0. 'NVIDIA GeForce GTX 1060 6GB' (P:1 D:1)
[2017.12.31-14.08.27:620][  0]LogWindows:    1. 'NVIDIA GeForce GTX 1060 6GB' (P:0 D:1)
[2017.12.31-14.08.27:620][  0]LogWindows:    2. 'NVIDIA GeForce GTX 1060 6GB' (P:0 D:0)
[2017.12.31-14.08.27:620][  0]LogWindows:    3. 'NVIDIA GeForce GTX 1060 6GB' (P:0 D:0)
[2017.12.31-14.08.27:620][  0]LogWindows: DebugString: GetVideoDriverDetailsInvalid PrimaryIsNotTheChoosenAdapter GetVideoDriverDetailsInvalid PrimaryIsNotTheChoosenAdapter GetVideoDriverDetailsInvalid PrimaryIsNotTheChoosenAdapter GetVideoDriverDetailsInvalid PrimaryIsNotTheChoosenAdapter FoundDriverCount:0 
[2017.12.31-14.08.27:620][  0]LogD3D11RHI:     Adapter Name: NVIDIA GeForce GTX 1060 6GB
[2017.12.31-14.08.27:620][  0]LogD3D11RHI:   Driver Version: Unknown (internal:Unknown, unified:Unknown)
[2017.12.31-14.08.27:620][  0]LogD3D11RHI:      Driver Date: Unknown
[2017.12.31-14.08.27:620][  0]LogRHI: Texture pool is 1361 MB (70% of 1945 MB)
[2017.12.31-14.08.27:638][  0]LogD3D11RHI: Async texture creation enabled
[2017.12.31-14.08.27:657][  0]LogD3D11RHI: GPU Timing Frequency: 1000.000000 (Debug: 2 1)
[2017.12.31-14.08.27:753][  0]LogShaderCompilers: Guid format shader working directory is -5 characters bigger than the processId version (../../../../../Documents/Unreal Projects/FlyAround/Intermediate/Shaders/WorkingDirectory/16760/).
[2017.12.31-14.08.27:753][  0]LogShaderCompilers: Cleaned the shader compiler working directory 'C:/Users/Lopez/AppData/Local/Temp/UnrealShaderWorkingDir/8B3F13664AF46A773B710A9CDE3D98FA/'.
[2017.12.31-14.08.27:753][  0]LogShaderCompilers:Display: Using Local Shader Compiler.
[2017.12.31-14.08.28:531][  0]LogTemp:Display: Loaded TP AllDesktopTargetPlatform
[2017.12.31-14.08.28:561][  0]LogTemp:Display: Loaded TP MacClientTargetPlatform
[2017.12.31-14.08.28:590][  0]LogTemp:Display: Loaded TP MacNoEditorTargetPlatform
[2017.12.31-14.08.28:618][  0]LogTemp:Display: Loaded TP MacServerTargetPlatform
[2017.12.31-14.08.28:647][  0]LogTemp:Display: Loaded TP MacTargetPlatform
[2017.12.31-14.08.28:676][  0]LogTemp:Display: Loaded TP WindowsClientTargetPlatform
[2017.12.31-14.08.28:705][  0]LogTemp:Display: Loaded TP WindowsNoEditorTargetPlatform
[2017.12.31-14.08.28:739][  0]LogTemp:Display: Loaded TP WindowsServerTargetPlatform
[2017.12.31-14.08.28:764][  0]LogTemp:Display: Loaded TP WindowsTargetPlatform
[2017.12.31-14.08.28:794][  0]LogTemp:Display: Loaded TP AndroidTargetPlatform
[2017.12.31-14.08.28:824][  0]LogTemp:Display: Loaded TP Android_ASTCTargetPlatform
[2017.12.31-14.08.28:853][  0]LogTemp:Display: Loaded TP Android_ATCTargetPlatform
[2017.12.31-14.08.28:882][  0]LogTemp:Display: Loaded TP Android_DXTTargetPlatform
[2017.12.31-14.08.28:911][  0]LogTemp:Display: Loaded TP Android_ETC1TargetPlatform
[2017.12.31-14.08.28:941][  0]LogTemp:Display: Loaded TP Android_ETC2TargetPlatform
[2017.12.31-14.08.29:005][  0]LogTemp:Display: Loaded TP Android_MultiTargetPlatform
[2017.12.31-14.08.29:005][  0]LogTemp:Display: Loaded TP Android_PVRTCTargetPlatform
[2017.12.31-14.08.29:024][  0]LogTemp:Display: Loaded TP HTML5TargetPlatform
[2017.12.31-14.08.29:085][  0]LogTemp:Display: Loaded TP IOSTargetPlatform
[2017.12.31-14.08.29:104][  0]LogTemp:Display: Loaded TP TVOSTargetPlatform
[2017.12.31-14.08.29:133][  0]LogTemp:Display: Loaded TP LinuxClientTargetPlatform
[2017.12.31-14.08.29:165][  0]LogTemp:Display: Loaded TP LinuxNoEditorTargetPlatform
[2017.12.31-14.08.29:194][  0]LogTemp:Display: Loaded TP LinuxServerTargetPlatform
[2017.12.31-14.08.29:223][  0]LogTemp:Display: Loaded TP LinuxTargetPlatform
[2017.12.31-14.08.29:223][  0]LogTargetPlatformManager:Display: Building Assets For Windows
[2017.12.31-14.08.29:424][  0]LogDerivedDataCache:Display: Max Cache Size: 512 MB
[2017.12.31-14.08.29:459][  0]LogDerivedDataCache: Loaded boot cache 0.03s 50MB C:/Users/Lopez/AppData/Local/UnrealEngine/4.15/DerivedDataCache/Boot.ddc.
[2017.12.31-14.08.29:459][  0]LogDerivedDataCache:Display: Loaded Boot cache: C:/Users/Lopez/AppData/Local/UnrealEngine/4.15/DerivedDataCache/Boot.ddc
[2017.12.31-14.08.29:459][  0]LogDerivedDataCache: FDerivedDataBackendGraph:  Pak pak cache file ../../../../../Documents/Unreal Projects/FlyAround/DerivedDataCache/DDC.ddp not found, will not use a pak cache.
[2017.12.31-14.08.29:459][  0]LogDerivedDataCache: Unable to find inner node Pak for hierarchical cache Hierarchy.
[2017.12.31-14.08.29:459][  0]LogDerivedDataCache: FDerivedDataBackendGraph:  CompressedPak pak cache file ../../../../../Documents/Unreal Projects/FlyAround/DerivedDataCache/Compressed.ddp not found, will not use a pak cache.
[2017.12.31-14.08.29:459][  0]LogDerivedDataCache: Unable to find inner node CompressedPak for hierarchical cache Hierarchy.
[2017.12.31-14.08.29:471][  0]LogDerivedDataCache:Display: Pak cache opened for reading ../../../Engine/DerivedDataCache/Compressed.ddp.
[2017.12.31-14.08.29:483][  0]LogDerivedDataCache: Using Local data cache path C:/Users/Lopez/AppData/Local/UnrealEngine/Common/DerivedDataCache: Writable
[2017.12.31-14.08.29:490][  0]LogSlate: Using Freetype 2.6.0
[2017.12.31-14.08.29:490][  0]LogSlate: SlateFontCache - WITH_FREETYPE: 1, WITH_HARFBUZZ: 1
[2017.12.31-14.08.29:490][  0]LogSlate: SlateFontCache - WITH_FREETYPE: 1, WITH_HARFBUZZ: 1
[2017.12.31-14.08.29:681][  0]LogInit: Selected Device Profile: [Windows]
[2017.12.31-14.08.29:684][  0]LogContentStreaming: Texture pool size is 0.00 MB
[2017.12.31-14.08.29:804][  0]LogMeshUtilities: Using QuadricMeshReduction for automatic static mesh reduction
[2017.12.31-14.08.29:824][  0]LogSimplygon: Simplygon DLL not present - disabling.
[2017.12.31-14.08.29:851][  0]LogMeshUtilities: Using SimplygonSwarm for distributed automatic mesh merging
[2017.12.31-14.08.29:851][  0]LogMeshUtilities: No automatic skeletal mesh reduction module available
[2017.12.31-14.08.29:851][  0]LogMeshUtilities: No automatic mesh merging module available
[2017.12.31-14.08.30:209][  0]LogNetVersion: GetLocalNetworkVersion: CL: 3299760, ProjectName: flyaround, ProjectVersion: , EngineNetworkVersion: 2, GameNetworkVersion: 0, NetworkChecksum: 2757220568
[2017.12.31-14.08.30:242][  0]LogAssetRegistry: FAssetRegistry took 0.0214 seconds to start up
[2017.12.31-14.08.30:269][  0]LogPackageLocalizationCache: Processed 3 localized package path(s) for 2 prioritized culture(s) in 0.017800 seconds
[2017.12.31-14.08.30:273][  0]LogUObjectArray: 32493 objects as part of root set at end of initial load.
[2017.12.31-14.08.30:273][  0]LogUObjectAllocator: 7077032 out of 0 bytes used by permanent object pool.
[2017.12.31-14.08.30:273][  0]LogUObjectArray: CloseDisregardForGC: 0/0 objects in disregard for GC pool
[2017.12.31-14.08.30:300][  0]LogInit: WinSock: version 1.1 (2.2), MaxSocks=32767, MaxUdp=65467
[2017.12.31-14.08.31:476][  0]LogTcpMessaging: Initializing TcpMessaging bridge
[2017.12.31-14.08.31:518][  0]LogUdpMessaging: Initializing bridge on interface 0.0.0.0:0 to multicast group 230.0.0.1:6666.
[2017.12.31-14.08.31:776][  0]LogMaterial: Uniform references updated for custom material expression Custom.
[2017.12.31-14.08.31:986][  0]SourceControl: Info Source control is disabled
[2017.12.31-14.08.31:987][  0]SourceControl: Info Source control is disabled
[2017.12.31-14.08.32:022][  0]SourceControl: Info Source control is disabled
[2017.12.31-14.08.32:048][  0]SourceControl: Info Source control is disabled
[2017.12.31-14.08.32:199][  0]LogLinker:Warning: Can't find file '/Game/TopDownBP/TopDownOverview'
[2017.12.31-14.08.32:200][  0]LogLinker:Warning: Can't find file '/Game/TopDownBP/TopDownOverview'
[2017.12.31-14.08.32:200][  0]LogUObjectGlobals:Warning: Failed to find object 'Class /Game/TopDownBP/TopDownOverview.TopDownOverview_C'
[2017.12.31-14.08.32:730][  0]LogEngine: Initializing Engine...
[2017.12.31-14.08.32:730][  0]LogHMD: Failed to initialize OpenVR with code 110
[2017.12.31-14.08.32:807][  0]LogStats: UGameplayTagsManager::ConstructGameplayTagTree: Construct from data asset -  0.000 s
[2017.12.31-14.08.32:807][  0]LogStats: UGameplayTagsManager::ConstructGameplayTagTree: GameplayTagTreeChangedEvent.Broadcast -  0.000 s
[2017.12.31-14.08.32:867][  0]LogAIModule: Creating AISystem for world Untitled
[2017.12.31-14.08.32:879][  0]LogInit: XAudio2 using 'Headset Earphone (Corsair VOID Wireless Gaming Dongle)' : 2 channels at 44.1 kHz using 16 bits per sample (channel mask 0x3)
[2017.12.31-14.08.32:894][  0]LogInit: FAudioDevice initialized.
[2017.12.31-14.08.32:915][  0]LogDerivedDataCache: Saved boot cache 0.02s 50MB C:/Users/Lopez/AppData/Local/UnrealEngine/4.15/DerivedDataCache/Boot.ddc.
[2017.12.31-14.08.32:922][  0]LogInit: Texture streaming: Enabled
[2017.12.31-14.08.32:966][  0]LogEngineSessionManager: EngineSessionManager initialized
[2017.12.31-14.08.33:016][  0]LogInit: Transaction tracking system initialized
[2017.12.31-14.08.33:180][  0]BlueprintLog: New page: Editor Load
[2017.12.31-14.08.33:679][  0]LocalizationService: Info Localization service is disabled
[2017.12.31-14.08.34:015][  0]LogConsoleResponse:Display: 
[2017.12.31-14.08.34:094][  0]LogFileCache: Scanning file cache for directory 'D:/Documents/Unreal Projects/FlyAround/Content/' took 0.01s
[2017.12.31-14.08.34:094][  0]LogCook:Display: Max memory allowance for cook 16384mb min free memory 0mb
[2017.12.31-14.08.34:094][  0]LogCook:Display: Mobile HDR setting 1
[2017.12.31-14.08.34:582][  0]SourceControl: Info Source control is disabled
[2017.12.31-14.08.34:582][  0]Cmd: MAP LOAD FILE="../../../Engine/Content/Maps/Templates/Template_Default.umap" TEMPLATE=1 SHOWPROGRESS=1 FEATURELEVEL=3
[2017.12.31-14.08.34:583][  0]LightingResults: New page: Lighting Build
[2017.12.31-14.08.34:602][  0]MapCheck: New page: Map Check
[2017.12.31-14.08.34:602][  0]LightingResults: New page: Lighting Build
[2017.12.31-14.08.34:739][  0]LogAIModule: Creating AISystem for world Untitled_1
[2017.12.31-14.08.34:749][  0]LogActorComponent: RegisterComponentWithWorld: (/Temp/Untitled_1.Untitled_1:PersistentLevel.WorldSettings_1.StaticMeshComponent0) Trying to register component with IsPendingKill() == true. Aborting.
[2017.12.31-14.08.34:752][  0]LogEditorServer: Finished looking for orphan Actors (0.000 secs)
[2017.12.31-14.08.34:755][  0]Cmd: MAP CHECKDEP NOCLEARLOG
[2017.12.31-14.08.34:777][  0]MapCheck: Info Map check complete: 0 Error(s), 0 Warning(s), took 22.035ms to complete.
[2017.12.31-14.08.34:777][  0]LogFileHelpers: Loading map 'Template_Default' took 0.194
[2017.12.31-14.08.35:118][  0]LogCollectionManager: Loaded 0 collections in 0.000529 seconds
[2017.12.31-14.08.35:175][  0]LogFileCache: Scanning file cache for directory 'D:/Documents/Unreal Projects/FlyAround/Saved/Collections/' took 0.01s
[2017.12.31-14.08.35:175][  0]LogFileCache: Scanning file cache for directory 'D:/Documents/Unreal Projects/FlyAround/Content/Developers/Lopez/Collections/' took 0.01s
[2017.12.31-14.08.35:175][  0]LogFileCache: Scanning file cache for directory 'D:/Documents/Unreal Projects/FlyAround/Content/Collections/' took 0.01s
[2017.12.31-14.08.35:175][  0]LogCollectionManager: Rebuilt the GUID cache for 0 collections in 0.000001 seconds
[2017.12.31-14.08.35:181][  0]LogContentBrowser: Native class hierarchy populated in 0.0060 seconds. Added 2245 classes and 453 folders.
[2017.12.31-14.08.35:217][  0]LogContentBrowser: Native class hierarchy updated for 'WidgetCarousel' in 0.0004 seconds. Added 0 classes and 0 folders.
[2017.12.31-14.08.36:035][  0]LogContentBrowser: Native class hierarchy updated for 'AddContentDialog' in 0.0004 seconds. Added 0 classes and 0 folders.
[2017.12.31-14.08.36:061][  0]LogContentBrowser: Native class hierarchy updated for 'SceneOutliner' in 0.0003 seconds. Added 1 classes and 2 folders.
[2017.12.31-14.08.36:098][  0]LogContentBrowser: Native class hierarchy updated for 'WorldBrowser' in 0.0004 seconds. Added 1 classes and 3 folders.
[2017.12.31-14.08.36:221][  0]LogCrashTracker: Crashtracker disabled due to settings.
[2017.12.31-14.08.36:226][  0]LogUObjectGlobals:Warning: Failed to find object 'Class None.'
[2017.12.31-14.08.36:276][  0]LogContentBrowser: Native class hierarchy updated for 'HierarchicalLODOutliner' in 0.0004 seconds. Added 1 classes and 2 folders.
[2017.12.31-14.08.36:276][  0]LogLoad: (Engine Initialization) Total time: 10.64 seconds
[2017.12.31-14.08.36:276][  0]LogLoad: (Engine Initialization) Total Blueprint compile time: 0.05 seconds
[2017.12.31-14.08.36:276][  0]LogExternalProfiler: Found external profiler: VSPerf
[2017.12.31-14.08.36:276][  0]LogExternalProfiler: Using external profiler: VSPerf
[2017.12.31-14.08.36:615][  0]LogOcInput: OculusInput pre-init called
[2017.12.31-14.08.36:629][  0]LogContentStreaming: Texture pool size now 1000 MB
[2017.12.31-14.08.36:630][  0]LogSlate: Took 0.000155 seconds to synchronously load lazily loaded font '../../../Engine/Content/Slate/Fonts/Roboto-Regular.ttf' (155K)
[2017.12.31-14.08.36:632][  0]LogSlate: Took 0.000157 seconds to synchronously load lazily loaded font '../../../Engine/Content/Slate/Fonts/Roboto-Bold.ttf' (160K)
[2017.12.31-14.08.36:671][  0]LogSlate: Took 0.036283 seconds to synchronously load lazily loaded font '../../../Engine/Content/Editor/Slate/Fonts/FontAwesome.ttf' (139K)
[2017.12.31-14.08.36:894][  0]LogRenderer: Reallocating scene render targets to support 1208x576 NumSamples 1 (Frame:2).
[2017.12.31-14.08.41:306][ 14]LogAssetRegistry: Asset discovery search completed in 11.0851 seconds
[2017.12.31-14.08.41:306][ 14]LogCollectionManager: Rebuilt the object cache for 0 collections in 0.000003 seconds (found 0 objects)
[2017.12.31-14.08.41:306][ 14]LogCollectionManager: Fixed up redirectors for 0 collections in 0.000018 seconds (updated 0 objects)
